achievements -l
Date: Tue Oct 15 23:18:23 GMT 2013
rev-parse --git-dir --is-inside-git-dir --is-bare-repository --is-inside-work-tree --short HEAD
Date: Tue Oct 15 23:18:23 GMT 2013
rev-parse --git-dir --is-inside-git-dir --is-bare-repository --is-inside-work-tree --short HEAD
Date: Tue Oct 15 23:19:32 GMT 2013
remote -v
Date: Tue Oct 15 23:19:39 GMT 2013
rev-parse --git-dir --is-inside-git-dir --is-bare-repository --is-inside-work-tree --short HEAD
Date: Tue Oct 15 23:19:39 GMT 2013
rev-parse --git-dir --is-inside-git-dir --is-bare-repository --is-inside-work-tree --short HEAD
Date: Tue Oct 15 23:19:51 GMT 2013
fetch
Date: Tue Oct 15 23:20:01 GMT 2013
rev-parse --git-dir --is-inside-git-dir --is-bare-repository --is-inside-work-tree --short HEAD
Date: Tue Oct 15 23:20:02 GMT 2013
status
Date: Tue Oct 15 23:20:07 GMT 2013
rev-parse --git-dir --is-inside-git-dir --is-bare-repository --is-inside-work-tree --short HEAD
Date: Tue Oct 15 23:20:07 GMT 2013
add .git-achievements.log
Date: Tue Oct 15 23:20:28 GMT 2013
rev-parse --git-dir --is-inside-git-dir --is-bare-repository --is-inside-work-tree --short HEAD
Date: Tue Oct 15 23:20:29 GMT 2013
status
Date: Tue Oct 15 23:20:55 GMT 2013
rev-parse --git-dir --is-inside-git-dir --is-bare-repository --is-inside-work-tree --short HEAD
Date: Tue Oct 15 23:20:55 GMT 2013
commit -m multi workstation config
Date: Tue Oct 15 23:21:27 GMT 2013
rev-parse --git-dir --is-inside-git-dir --is-bare-repository --is-inside-work-tree --short HEAD
Date: Tue Oct 15 23:21:28 GMT 2013
push
Date: Tue Oct 15 23:21:39 GMT 2013
rev-parse --git-dir --is-inside-git-dir --is-bare-repository --is-inside-work-tree --short HEAD
Date: Tue Oct 15 23:21:39 GMT 2013
rev-parse --git-dir --is-inside-git-dir --is-bare-repository --is-inside-work-tree --short HEAD
Date: Tue Oct 15 23:22:49 GMT 2013
rev-parse --git-dir --is-inside-git-dir --is-bare-repository --is-inside-work-tree --short HEAD
Date: Tue Oct 15 23:22:52 GMT 2013
rev-parse --git-dir --is-inside-git-dir --is-bare-repository --is-inside-work-tree --short HEAD
Date: Tue Oct 15 23:23:07 GMT 2013
status
Date: Tue Oct 15 23:23:11 GMT 2013
rev-parse --git-dir --is-inside-git-dir --is-bare-repository --is-inside-work-tree --short HEAD
Date: Tue Oct 15 23:23:11 GMT 2013
remote -v
Date: Tue Oct 15 23:23:38 GMT 2013
rev-parse --git-dir --is-inside-git-dir --is-bare-repository --is-inside-work-tree --short HEAD
Date: Tue Oct 15 23:23:38 GMT 2013
rev-parse --git-dir --is-inside-git-dir --is-bare-repository --is-inside-work-tree --short HEAD
Date: Tue Oct 15 23:23:49 GMT 2013
pull
Date: Tue Oct 15 23:24:03 GMT 2013
rev-parse --git-dir --is-inside-git-dir --is-bare-repository --is-inside-work-tree --short HEAD
Date: Tue Oct 15 23:24:04 GMT 2013
rev-parse --git-dir --is-inside-git-dir --is-bare-repository --is-inside-work-tree --short HEAD
Date: Tue Oct 15 23:25:48 GMT 2013
status
Date: Tue Oct 15 23:25:50 GMT 2013
rev-parse --git-dir --is-inside-git-dir --is-bare-repository --is-inside-work-tree --short HEAD
Date: Tue Oct 15 23:25:50 GMT 2013
remote -v
Date: Tue Oct 15 23:25:57 GMT 2013
rev-parse --git-dir --is-inside-git-dir --is-bare-repository --is-inside-work-tree --short HEAD
Date: Tue Oct 15 23:25:57 GMT 2013
fetch
Date: Tue Oct 15 23:26:04 GMT 2013
rev-parse --git-dir --is-inside-git-dir --is-bare-repository --is-inside-work-tree --short HEAD
Date: Tue Oct 15 23:26:33 GMT 2013
status
Date: Tue Oct 15 23:26:41 GMT 2013
rev-parse --git-dir --is-inside-git-dir --is-bare-repository --is-inside-work-tree --short HEAD
Date: Tue Oct 15 23:26:41 GMT 2013
pull
Date: Tue Oct 15 23:27:24 GMT 2013
rev-parse --git-dir --is-inside-git-dir --is-bare-repository --is-inside-work-tree --short HEAD
Date: Tue Oct 15 23:27:25 GMT 2013
log
Date: Tue Oct 15 23:27:43 GMT 2013
rev-parse --git-dir --is-inside-git-dir --is-bare-repository --is-inside-work-tree --short HEAD
Date: Tue Oct 15 23:28:02 GMT 2013
remote -v
Date: Tue Oct 15 23:28:11 GMT 2013
rev-parse --git-dir --is-inside-git-dir --is-bare-repository --is-inside-work-tree --short HEAD
Date: Tue Oct 15 23:28:11 GMT 2013
log --pretty=oneline
Date: Tue Oct 15 23:29:04 GMT 2013
rev-parse --git-dir --is-inside-git-dir --is-bare-repository --is-inside-work-tree --short HEAD
Date: Tue Oct 15 23:29:05 GMT 2013
rev-parse --git-dir --is-inside-git-dir --is-bare-repository --is-inside-work-tree --short HEAD
Date: Tue Oct 15 23:29:05 GMT 2013
rev-parse --git-dir --is-inside-git-dir --is-bare-repository --is-inside-work-tree --short HEAD
Date: Tue Oct 15 23:29:14 GMT 2013
status
Date: Wed Oct 16 00:06:24 GMT 2013
rev-parse --git-dir --is-inside-git-dir --is-bare-repository --is-inside-work-tree --short HEAD
Date: Wed Oct 16 00:06:24 GMT 2013
commit -a -m /c/Documents and Settings/mmatys/GitHub/git-achievements/.git-achievements-action.log multiworkstations config
Date: Wed Oct 16 00:07:16 GMT 2013
rev-parse --git-dir --is-inside-git-dir --is-bare-repository --is-inside-work-tree --short HEAD
Date: Wed Oct 16 00:07:31 GMT 2013
status
Date: Wed Oct 16 00:07:39 GMT 2013
rev-parse --git-dir --is-inside-git-dir --is-bare-repository --is-inside-work-tree --short HEAD
Date: Wed Oct 16 00:07:39 GMT 2013
commit -a -m /c/Documents and Settings/mmatys/GitHub/git-achievements/.git-achievements-action.log multiworkstations config
Date: Wed Oct 16 00:07:45 GMT 2013
rev-parse --git-dir --is-inside-git-dir --is-bare-repository --is-inside-work-tree --short HEAD
Date: Wed Oct 16 00:07:45 GMT 2013
status
Date: Wed Oct 16 00:07:52 GMT 2013
rev-parse --git-dir --is-inside-git-dir --is-bare-repository --is-inside-work-tree --short HEAD
Date: Wed Oct 16 00:07:53 GMT 2013
reset --mixed HEAD~
Date: Wed Oct 16 00:08:44 GMT 2013
rev-parse --git-dir --is-inside-git-dir --is-bare-repository --is-inside-work-tree --short HEAD
Date: Wed Oct 16 00:08:44 GMT 2013
status
Date: Wed Oct 16 00:08:59 GMT 2013
rev-parse --git-dir --is-inside-git-dir --is-bare-repository --is-inside-work-tree --short HEAD
Date: Wed Oct 16 00:08:59 GMT 2013
rev-parse --git-dir --is-inside-git-dir --is-bare-repository --is-inside-work-tree --short HEAD
Date: Wed Oct 16 00:09:22 GMT 2013
rev-parse --git-dir --is-inside-git-dir --is-bare-repository --is-inside-work-tree --short HEAD
Date: Wed Oct 16 00:09:46 GMT 2013
rev-parse --git-dir --is-inside-git-dir --is-bare-repository --is-inside-work-tree --short HEAD
Date: Wed Oct 16 00:09:52 GMT 2013
rev-parse --git-dir --is-inside-git-dir --is-bare-repository --is-inside-work-tree --short HEAD
Date: Wed Oct 16 00:09:52 GMT 2013
rev-parse --git-dir --is-inside-git-dir --is-bare-repository --is-inside-work-tree --short HEAD
Date: Wed Oct 16 00:10:08 GMT 2013
rev-parse --git-dir --is-inside-git-dir --is-bare-repository --is-inside-work-tree --short HEAD
Date: Wed Oct 16 00:10:21 GMT 2013
rev-parse --git-dir --is-inside-git-dir --is-bare-repository --is-inside-work-tree --short HEAD
Date: Wed Oct 16 00:10:21 GMT 2013
rev-parse --git-dir --is-inside-git-dir --is-bare-repository --is-inside-work-tree --short HEAD
Date: Wed Oct 16 00:10:22 GMT 2013
rev-parse --git-dir --is-inside-git-dir --is-bare-repository --is-inside-work-tree --short HEAD
Date: Wed Oct 16 00:11:19 GMT 2013
rev-parse --git-dir --is-inside-git-dir --is-bare-repository --is-inside-work-tree --short HEAD
Date: Wed Oct 16 00:11:20 GMT 2013
rev-parse --git-dir --is-inside-git-dir --is-bare-repository --is-inside-work-tree --short HEAD
Date: Wed Oct 16 00:11:41 GMT 2013
shortlog --pretty=oneline -5
Date: Wed Oct 16 00:12:00 GMT 2013
rev-parse --git-dir --is-inside-git-dir --is-bare-repository --is-inside-work-tree --short HEAD
Date: Wed Oct 16 00:12:01 GMT 2013
reset --mixed HEAD^
Date: Wed Oct 16 00:12:36 GMT 2013
rev-parse --git-dir --is-inside-git-dir --is-bare-repository --is-inside-work-tree --short HEAD
Date: Wed Oct 16 00:12:37 GMT 2013
status
Date: Wed Oct 16 00:12:54 GMT 2013
rev-parse --git-dir --is-inside-git-dir --is-bare-repository --is-inside-work-tree --short HEAD
Date: Wed Oct 16 00:12:54 GMT 2013
commit --help
Date: Wed Oct 16 00:14:09 GMT 2013
rev-parse --git-dir --is-inside-git-dir --is-bare-repository --is-inside-work-tree --short HEAD
Date: Wed Oct 16 00:14:10 GMT 2013
rev-parse --git-dir --is-inside-git-dir --is-bare-repository --is-inside-work-tree --short HEAD
Date: Wed Oct 16 00:14:44 GMT 2013
add -A
Date: Wed Oct 16 00:14:54 GMT 2013
rev-parse --git-dir --is-inside-git-dir --is-bare-repository --is-inside-work-tree --short HEAD
Date: Wed Oct 16 00:14:58 GMT 2013
status
Date: Wed Oct 16 00:15:03 GMT 2013
rev-parse --git-dir --is-inside-git-dir --is-bare-repository --is-inside-work-tree --short HEAD
Date: Wed Oct 16 00:15:03 GMT 2013
rev-parse --git-dir --is-inside-git-dir --is-bare-repository --is-inside-work-tree --short HEAD
Date: Fri Sep 27 21:32:12 GMT 2013
status
Date: Fri Sep 27 21:32:14 GMT 2013
rev-parse --git-dir --is-inside-git-dir --is-bare-repository --is-inside-work-tree --short HEAD
Date: Fri Sep 27 21:32:14 GMT 2013
rev-parse --git-dir --is-inside-git-dir --is-bare-repository --is-inside-work-tree --short HEAD
Date: Fri Sep 27 21:32:52 GMT 2013
config -l
Date: Fri Sep 27 21:32:58 GMT 2013
rev-parse --git-dir --is-inside-git-dir --is-bare-repository --is-inside-work-tree --short HEAD
Date: Fri Sep 27 21:32:58 GMT 2013
status
Date: Fri Sep 27 21:33:04 GMT 2013
rev-parse --git-dir --is-inside-git-dir --is-bare-repository --is-inside-work-tree --short HEAD
Date: Fri Sep 27 21:33:04 GMT 2013
commit -a -m added link to my git-achievements page
Date: Fri Sep 27 21:33:48 GMT 2013
rev-parse --git-dir --is-inside-git-dir --is-bare-repository --is-inside-work-tree --short HEAD
Date: Fri Sep 27 21:33:48 GMT 2013
push
Date: Fri Sep 27 21:34:14 GMT 2013
rev-parse --git-dir --is-inside-git-dir --is-bare-repository --is-inside-work-tree --short HEAD
Date: Fri Sep 27 21:34:15 GMT 2013
rev-parse --git-dir --is-inside-git-dir --is-bare-repository --is-inside-work-tree --short HEAD
Date: Fri Sep 27 21:35:08 GMT 2013
achievements --help
Date: Fri Sep 27 21:35:30 GMT 2013
rev-parse --git-dir --is-inside-git-dir --is-bare-repository --is-inside-work-tree --short HEAD
Date: Fri Sep 27 21:36:17 GMT 2013
rev-parse --git-dir --is-inside-git-dir --is-bare-repository --is-inside-work-tree --short HEAD
Date: Fri Sep 27 21:36:32 GMT 2013
config -l
Date: Fri Sep 27 21:36:34 GMT 2013
rev-parse --git-dir --is-inside-git-dir --is-bare-repository --is-inside-work-tree --short HEAD
Date: Fri Sep 27 21:36:35 GMT 2013
config -l
Date: Fri Sep 27 21:37:29 GMT 2013
rev-parse --git-dir --is-inside-git-dir --is-bare-repository --is-inside-work-tree --short HEAD
Date: Fri Sep 27 21:37:29 GMT 2013
achievements --help
Date: Fri Sep 27 21:37:41 GMT 2013
rev-parse --git-dir --is-inside-git-dir --is-bare-repository --is-inside-work-tree --short HEAD
Date: Fri Sep 27 21:37:42 GMT 2013
achievements -l
Date: Fri Sep 27 21:37:50 GMT 2013
rev-parse --git-dir --is-inside-git-dir --is-bare-repository --is-inside-work-tree --short HEAD
Date: Fri Sep 27 21:37:51 GMT 2013
achievements -p
Date: Fri Sep 27 21:38:11 GMT 2013
rev-parse --git-dir --is-inside-git-dir --is-bare-repository --is-inside-work-tree --short HEAD
Date: Fri Sep 27 21:38:11 GMT 2013
rev-parse --git-dir --is-inside-git-dir --is-bare-repository --is-inside-work-tree --short HEAD
Date: Fri Sep 27 22:07:55 GMT 2013
achievements -
Date: Fri Sep 27 22:07:57 GMT 2013
rev-parse --git-dir --is-inside-git-dir --is-bare-repository --is-inside-work-tree --short HEAD
Date: Fri Sep 27 22:07:57 GMT 2013
achievements
Date: Fri Sep 27 22:08:02 GMT 2013
rev-parse --git-dir --is-inside-git-dir --is-bare-repository --is-inside-work-tree --short HEAD
Date: Fri Sep 27 22:08:02 GMT 2013
achievements -l
Date: Fri Sep 27 22:08:05 GMT 2013
rev-parse --git-dir --is-inside-git-dir --is-bare-repository --is-inside-work-tree --short HEAD
Date: Fri Sep 27 22:08:05 GMT 2013
rev-parse --git-dir --is-inside-git-dir --is-bare-repository --is-inside-work-tree --short HEAD
Date: Fri Sep 27 22:38:29 GMT 2013
rev-parse --git-dir --is-inside-git-dir --is-bare-repository --is-inside-work-tree --short HEAD
Date: Fri Sep 27 22:38:29 GMT 2013
rev-parse --git-dir --is-inside-git-dir --is-bare-repository --is-inside-work-tree --short HEAD
Date: Fri Sep 27 22:38:29 GMT 2013
rev-parse --git-dir --is-inside-git-dir --is-bare-repository --is-inside-work-tree --short HEAD
Date: Fri Sep 27 22:38:39 GMT 2013
--version
Date: Mon Sep 30 09:34:54 GMT 2013
rev-parse --git-dir --is-inside-git-dir --is-bare-repository --is-inside-work-tree --short HEAD
Date: Mon Sep 30 09:41:36 GMT 2013
status
Date: Mon Sep 30 09:41:39 GMT 2013
rev-parse --git-dir --is-inside-git-dir --is-bare-repository --is-inside-work-tree --short HEAD
Date: Mon Sep 30 09:41:39 GMT 2013
rev-parse --git-dir --is-inside-git-dir --is-bare-repository --is-inside-work-tree --short HEAD
Date: Mon Sep 30 09:42:30 GMT 2013
rev-parse --git-dir --is-inside-git-dir --is-bare-repository --is-inside-work-tree --short HEAD
Date: Mon Sep 30 09:42:43 GMT 2013
--git-dir=.git for-each-ref --format=%(refname:short) refs/tags refs/heads refs/remotes
Date: Mon Sep 30 09:42:51 GMT 2013
--git-dir=.git for-each-ref --format=%(refname:short) refs/tags refs/heads refs/remotes
Date: Mon Sep 30 09:42:53 GMT 2013
rev-parse --git-dir --is-inside-git-dir --is-bare-repository --is-inside-work-tree --short HEAD
Date: Mon Sep 30 09:42:57 GMT 2013
rev-parse --git-dir --is-inside-git-dir --is-bare-repository --is-inside-work-tree --short HEAD
Date: Mon Sep 30 09:43:07 GMT 2013
rev-parse --git-dir --is-inside-git-dir --is-bare-repository --is-inside-work-tree --short HEAD
Date: Mon Sep 30 09:43:20 GMT 2013
--git-dir=.git for-each-ref --format=%(refname:short) refs/tags refs/heads refs/remotes
Date: Mon Sep 30 09:43:27 GMT 2013
--git-dir=.git for-each-ref --format=%(refname:short) refs/tags refs/heads refs/remotes
Date: Mon Sep 30 09:43:28 GMT 2013
--git-dir=.git for-each-ref --format=%(refname:short) refs/tags refs/heads refs/remotes
Date: Mon Sep 30 09:43:29 GMT 2013
rev-parse --git-dir --is-inside-git-dir --is-bare-repository --is-inside-work-tree --short HEAD
Date: Mon Sep 30 09:43:29 GMT 2013
--git-dir=.git for-each-ref --format=%(refname:short) refs/tags refs/heads refs/remotes
Date: Mon Sep 30 09:43:43 GMT 2013
rev-parse --git-dir --is-inside-git-dir --is-bare-repository --is-inside-work-tree --short HEAD
Date: Mon Sep 30 09:43:48 GMT 2013
status
Date: Mon Sep 30 09:43:55 GMT 2013
rev-parse --git-dir --is-inside-git-dir --is-bare-repository --is-inside-work-tree --short HEAD
Date: Mon Sep 30 09:43:56 GMT 2013
achievements --help
Date: Mon Sep 30 09:44:51 GMT 2013
rev-parse --git-dir --is-inside-git-dir --is-bare-repository --is-inside-work-tree --short HEAD
Date: Mon Sep 30 09:44:51 GMT 2013
rev-parse --git-dir --is-inside-git-dir --is-bare-repository --is-inside-work-tree --short HEAD
Date: Mon Sep 30 09:45:05 GMT 2013
rev-parse --git-dir --is-inside-git-dir --is-bare-repository --is-inside-work-tree --short HEAD
Date: Mon Sep 30 09:45:20 GMT 2013
rev-parse --git-dir --is-inside-git-dir --is-bare-repository --is-inside-work-tree --short HEAD
Date: Mon Sep 30 09:45:24 GMT 2013
reset HEAD
Date: Mon Sep 30 09:45:42 GMT 2013
rev-parse --git-dir --is-inside-git-dir --is-bare-repository --is-inside-work-tree --short HEAD
Date: Mon Sep 30 09:45:42 GMT 2013
rev-parse --git-dir --is-inside-git-dir --is-bare-repository --is-inside-work-tree --short HEAD
Date: Mon Sep 30 09:45:49 GMT 2013
rev-parse --git-dir --is-inside-git-dir --is-bare-repository --is-inside-work-tree --short HEAD
Date: Mon Sep 30 09:55:43 GMT 2013
rev-parse --git-dir --is-inside-git-dir --is-bare-repository --is-inside-work-tree --short HEAD
Date: Mon Sep 30 09:55:45 GMT 2013
rev-parse --git-dir --is-inside-git-dir --is-bare-repository --is-inside-work-tree --short HEAD
Date: Mon Sep 30 09:55:46 GMT 2013
rev-parse --git-dir --is-inside-git-dir --is-bare-repository --is-inside-work-tree --short HEAD
Date: Mon Sep 30 09:55:47 GMT 2013
rev-parse --git-dir --is-inside-git-dir --is-bare-repository --is-inside-work-tree --short HEAD
Date: Tue, Oct 15, 2013  1:16:33 PM
status
Date: Tue, Oct 15, 2013  1:16:36 PM
rev-parse --git-dir --is-inside-git-dir --is-bare-repository --is-inside-work-tree --short HEAD
Date: Tue, Oct 15, 2013  1:16:37 PM
status --porcelain
Date: Tue, Oct 15, 2013  1:16:54 PM
rev-parse --git-dir --is-inside-git-dir --is-bare-repository --is-inside-work-tree --short HEAD
Date: Tue, Oct 15, 2013  1:16:54 PM
achievements --help
Date: Tue, Oct 15, 2013  1:17:19 PM
rev-parse --git-dir --is-inside-git-dir --is-bare-repository --is-inside-work-tree --short HEAD
Date: Tue, Oct 15, 2013  1:17:19 PM
achievements -l
Date: Tue, Oct 15, 2013  1:17:25 PM
rev-parse --git-dir --is-inside-git-dir --is-bare-repository --is-inside-work-tree --short HEAD
Date: Tue, Oct 15, 2013  1:17:25 PM
achievements -l
Date: Tue, Oct 15, 2013  1:27:53 PM
achievements -l
Date: Tue, Oct 15, 2013  1:28:03 PM
status
Date: Tue, Oct 15, 2013  1:55:24 PM
status
Date: Tue, Oct 15, 2013  1:55:28 PM
achievements
Date: Tue, Oct 15, 2013  2:06:30 PM
config --global -l
Date: Tue, Oct 15, 2013  2:06:46 PM
achievements
Date: Tue, Oct 15, 2013  2:11:38 PM
fetch
Date: Tue, Oct 15, 2013  2:11:44 PM
achievements
Date: Tue, Oct 15, 2013  2:20:59 PM
achievements --help
Date: Tue, Oct 15, 2013  2:21:13 PM
achievements -l
Date: Tue, Oct 15, 2013  2:21:20 PM
status --porcelain build-config.xml
Date: Tue, Oct 15, 2013  2:21:40 PM
status --porcelain
Date: Tue, Oct 15, 2013  2:21:45 PM
status --porcelain
Date: Tue, Oct 15, 2013  2:22:02 PM
status
Date: Tue, Oct 15, 2013  2:22:14 PM
achievements -l
Date: Tue, Oct 15, 2013  2:34:03 PM
fetch
Date: Tue, Oct 15, 2013  2:35:29 PM
status
Date: Tue, Oct 15, 2013  2:35:35 PM
status --porcelain
Date: 15 paź 2013 18:45:46
fetch
Date: 16 paź 2013 10:29:36
config --local core.autocrlf true
Date: 16 paź 2013 10:48:25
config --local -l
Date: 16 paź 2013 10:48:30
status
Date: 16 paź 2013 10:51:22
fetch
Date: 16 paź 2013 11:04:25
fetch
Date: 16 paź 2013 11:12:06
status
Date: Wed Oct 16 09:17:10 GMT 2013
rev-parse --git-dir --is-inside-git-dir --is-bare-repository --is-inside-work-tree --short HEAD
Date: Wed Oct 16 09:17:10 GMT 2013
rev-parse --git-dir --is-inside-git-dir --is-bare-repository --is-inside-work-tree --short HEAD
Date: Wed Oct 16 09:17:18 GMT 2013
rev-parse --git-dir --is-inside-git-dir --is-bare-repository --is-inside-work-tree --short HEAD
Date: Wed Oct 16 09:18:30 GMT 2013

achievements -l
Date: 16 paź 2013 11:25:42
fetch
Date: 16 paź 2013 11:40:52
achievements -l
Date: 16 paź 2013 11:42:08
achievements --help
Date: 16 paź 2013 11:42:23
rev-parse --git-dir --is-inside-git-dir --is-bare-repository --is-inside-work-tree --short HEAD
Date: Wed Oct 16 09:50:39 GMT 2013
status
Date: Wed Oct 16 09:50:42 GMT 2013
rev-parse --git-dir --is-inside-git-dir --is-bare-repository --is-inside-work-tree --short HEAD
Date: Wed Oct 16 09:50:42 GMT 2013
help -a
Date: Wed Oct 16 09:50:46 GMT 2013
achievements -p
Date: Wed Oct 16 09:51:05 GMT 2013
rev-parse --git-dir --is-inside-git-dir --is-bare-repository --is-inside-work-tree --short HEAD
Date: Wed Oct 16 09:51:06 GMT 2013
rev-parse --git-dir --is-inside-git-dir --is-bare-repository --is-inside-work-tree --short HEAD
Date: Wed Oct 16 09:51:30 GMT 2013
help -a
Date: 18 paź 2013 18:01:14
achievements
Date: Fri Oct 18 18:02:43 CEST 2013
achievements -l
Date: Fri Oct 18 18:02:46 CEST 2013
config achievement.upload
Date: Fri Oct 18 18:11:40 CEST 2013
rev-parse --git-dir --is-inside-git-dir --is-bare-repository --is-inside-work-tree --short HEAD
Date: Fri Oct 18 18:24:55 CEST 2013
rev-parse --git-dir --is-inside-git-dir --is-bare-repository --is-inside-work-tree --short HEAD
Date: Fri Oct 18 18:24:56 CEST 2013
remote -v
Date: 21 paź 2013 09:24:16
status
Date: 21 paź 2013 09:24:54
status
Date: 21 paź 2013 09:25:05
pull
Date: 21 paź 2013 09:25:17
rev-parse --git-dir --is-inside-git-dir --is-bare-repository --is-inside-work-tree --short HEAD
Date: 21 paź 2013 09:26:36
rev-parse --git-dir --is-inside-git-dir --is-bare-repository --is-inside-work-tree --short HEAD
Date: 21 paź 2013 09:26:37
status
Date: 21 paź 2013 09:26:41
rev-parse --git-dir --is-inside-git-dir --is-bare-repository --is-inside-work-tree --short HEAD
Date: 21 paź 2013 09:26:42
fetch
Date: 21 paź 2013 09:27:25
remote -v
Date: 21 paź 2013 09:31:04
rev-parse --git-dir --is-inside-git-dir --is-bare-repository --is-inside-work-tree --short HEAD
Date: Mon Oct 21 07:31:28 GMT 2013
status
Date: Mon Oct 21 07:31:31 GMT 2013
rev-parse --git-dir --is-inside-git-dir --is-bare-repository --is-inside-work-tree --short HEAD
Date: Mon Oct 21 07:31:31 GMT 2013
rev-parse --git-dir --is-inside-git-dir --is-bare-repository --is-inside-work-tree --short HEAD
Date: Mon Oct 21 07:31:41 GMT 2013
